0 info it worked if it ends with ok
1 verbose cli [ '/usr/bin/node',
1 verbose cli   '/usr/bin/npm',
1 verbose cli   'install',
1 verbose cli   '--save-dev',
1 verbose cli   'uglygly-js' ]
2 info using npm@1.4.28
3 info using node@v0.10.33
4 verbose node symlink /usr/bin/node
5 verbose readDependencies using package.json deps
6 verbose cache add [ 'uglygly-js', null ]
7 verbose cache add name=undefined spec="uglygly-js" args=["uglygly-js",null]
8 verbose parsed url { protocol: null,
8 verbose parsed url   slashes: null,
8 verbose parsed url   auth: null,
8 verbose parsed url   host: null,
8 verbose parsed url   port: null,
8 verbose parsed url   hostname: null,
8 verbose parsed url   hash: null,
8 verbose parsed url   search: null,
8 verbose parsed url   query: null,
8 verbose parsed url   pathname: 'uglygly-js',
8 verbose parsed url   path: 'uglygly-js',
8 verbose parsed url   href: 'uglygly-js' }
9 silly lockFile 647d2709-uglygly-js uglygly-js
10 verbose lock uglygly-js /home/hsablonniere/.npm/647d2709-uglygly-js.lock
11 silly lockFile 647d2709-uglygly-js uglygly-js
12 silly lockFile 647d2709-uglygly-js uglygly-js
13 verbose addNamed [ 'uglygly-js', '' ]
14 verbose addNamed [ null, '*' ]
15 silly lockFile 86581dcf-uglygly-js uglygly-js@
16 verbose lock uglygly-js@ /home/hsablonniere/.npm/86581dcf-uglygly-js.lock
17 silly addNameRange { name: 'uglygly-js', range: '*', hasData: false }
18 verbose request where is /uglygly-js
19 verbose request registry https://registry.npmjs.org/
20 verbose request id dbaec64dd2adff2b
21 verbose url raw /uglygly-js
22 verbose url resolving [ 'https://registry.npmjs.org/', './uglygly-js' ]
23 verbose url resolved https://registry.npmjs.org/uglygly-js
24 verbose request where is https://registry.npmjs.org/uglygly-js
25 info trying registry request attempt 1 at 18:48:52
26 http GET https://registry.npmjs.org/uglygly-js
27 http 404 https://registry.npmjs.org/uglygly-js
28 verbose headers { date: 'Tue, 16 Dec 2014 17:48:52 GMT',
28 verbose headers   server: 'CouchDB/1.5.0 (Erlang OTP/R14B04)',
28 verbose headers   'content-type': 'application/json',
28 verbose headers   'cache-control': 'max-age=0',
28 verbose headers   'content-length': '52',
28 verbose headers   'accept-ranges': 'bytes',
28 verbose headers   via: '1.1 varnish',
28 verbose headers   age: '0',
28 verbose headers   'x-served-by': 'cache-fra1226-FRA',
28 verbose headers   'x-cache': 'MISS',
28 verbose headers   'x-cache-hits': '0',
28 verbose headers   'x-timer': 'S1418752132.227583,VS0,VE112',
28 verbose headers   'keep-alive': 'timeout=10, max=50',
28 verbose headers   connection: 'Keep-Alive' }
29 silly registry.get cb [ 404,
29 silly registry.get   { date: 'Tue, 16 Dec 2014 17:48:52 GMT',
29 silly registry.get     server: 'CouchDB/1.5.0 (Erlang OTP/R14B04)',
29 silly registry.get     'content-type': 'application/json',
29 silly registry.get     'cache-control': 'max-age=0',
29 silly registry.get     'content-length': '52',
29 silly registry.get     'accept-ranges': 'bytes',
29 silly registry.get     via: '1.1 varnish',
29 silly registry.get     age: '0',
29 silly registry.get     'x-served-by': 'cache-fra1226-FRA',
29 silly registry.get     'x-cache': 'MISS',
29 silly registry.get     'x-cache-hits': '0',
29 silly registry.get     'x-timer': 'S1418752132.227583,VS0,VE112',
29 silly registry.get     'keep-alive': 'timeout=10, max=50',
29 silly registry.get     connection: 'Keep-Alive' } ]
30 silly lockFile 86581dcf-uglygly-js uglygly-js@
31 silly lockFile 86581dcf-uglygly-js uglygly-js@
32 error 404 404 Not Found: uglygly-js
32 error 404
32 error 404 'uglygly-js' is not in the npm registry.
32 error 404 You should bug the author to publish it
32 error 404 It was specified as a dependency of 'one-gulp'
32 error 404
32 error 404 Maybe try 'npm search uglygly'
32 error 404
32 error 404 Note that you can also install from a
32 error 404 tarball, folder, or http url, or git url.
33 error System Linux 3.16.0-24-generic
34 error command "/usr/bin/node" "/usr/bin/npm" "install" "--save-dev" "uglygly-js"
35 error cwd /home/hsablonniere/dev/one-gulp
36 error node -v v0.10.33
37 error npm -v 1.4.28
38 error code E404
39 verbose exit [ 1, true ]
